<?xml version="1.0" encoding="UTF-8"?>
<testng-results ignored="0" total="1" passed="1" failed="0" skipped="0">
  <reporter-output>
  </reporter-output>
  <suite started-at="2021-05-07T19:10:47 IST" name="Default suite" finished-at="2021-05-07T19:12:06 IST" duration-ms="79947">
    <groups>
    </groups>
    <test started-at="2021-05-07T19:10:47 IST" name="Default test" finished-at="2021-05-07T19:12:06 IST" duration-ms="79947">
      <class name="com.vitger.testscript.CreateProdMandtField">
        <test-method is-config="true" signature="configBeforeSuite()[pri:0, instance:com.vitger.testscript.CreateProdMandtField@6ef888f6]" started-at="2021-05-07T19:10:46 IST" name="configBeforeSuite" finished-at="2021-05-07T19:10:47 IST" duration-ms="71" status="PASS">
          <reporter-output>
          </reporter-output>
        </test-method> <!-- configBeforeSuite -->
        <test-method is-config="true" signature="configBeforeClass()[pri:0, instance:com.vitger.testscript.CreateProdMandtField@6ef888f6]" started-at="2021-05-07T19:10:47 IST" name="configBeforeClass" finished-at="2021-05-07T19:11:09 IST" duration-ms="22745" status="PASS">
          <reporter-output>
          </reporter-output>
        </test-method> <!-- configBeforeClass -->
        <test-method is-config="true" signature="configBeforeMtd()[pri:0, instance:com.vitger.testscript.CreateProdMandtField@6ef888f6]" started-at="2021-05-07T19:11:09 IST" name="configBeforeMtd" finished-at="2021-05-07T19:11:17 IST" duration-ms="7963" status="PASS">
          <reporter-output>
          </reporter-output>
        </test-method> <!-- configBeforeMtd -->
        <test-method signature="createproductmandtoryfield()[pri:0, instance:com.vitger.testscript.CreateProdMandtField@6ef888f6]" started-at="2021-05-07T19:11:17 IST" name="createproductmandtoryfield" finished-at="2021-05-07T19:12:06 IST" duration-ms="49040" status="PASS">
          <reporter-output>
          </reporter-output>
        </test-method> <!-- createproductmandtoryfield -->
        <test-method is-config="true" signature="configAfterMethod()[pri:0, instance:com.vitger.testscript.CreateProdMandtField@6ef888f6]" started-at="2021-05-07T19:12:06 IST" name="configAfterMethod" finished-at="2021-05-07T19:12:06 IST" duration-ms="0" status="PASS">
          <reporter-output>
          </reporter-output>
        </test-method> <!-- configAfterMethod -->
        <test-method is-config="true" signature="configAfterClass()[pri:0, instance:com.vitger.testscript.CreateProdMandtField@6ef888f6]" started-at="2021-05-07T19:12:06 IST" name="configAfterClass" finished-at="2021-05-07T19:12:06 IST" duration-ms="0" status="PASS">
          <reporter-output>
          </reporter-output>
        </test-method> <!-- configAfterClass -->
      </class> <!-- com.vitger.testscript.CreateProdMandtField -->
    </test> <!-- Default test -->
  </suite> <!-- Default suite -->
</testng-results>
